<?xml version="1.0" encoding="UTF-8"?>
<!-- Generated by org.testng.reporters.JUnitReportReporter -->
<testsuite skipped="0" hostname="DESKTOP-PJG11OA" name="Tests.Test_Kembledev" tests="1" failures="0" timestamp="04 Feb 2018 11:30:20 GMT" time="709.097" errors="0">
  <testcase name="GuestInfoFields" time="709.097" classname="Tests.Test_Kembledev"/>
</testsuite> <!-- Tests.Test_Kembledev -->
