<?xml version="1.0" encoding="UTF-8"?>
<!-- Generated by org.testng.reporters.JUnitReportReporter -->
<testsuite skipped="0" hostname="DESKTOP-PJG11OA" name="Tests.Test_Kembledev" tests="1" failures="0" timestamp="23 Jan 2018 11:05:53 GMT" time="42.395" errors="0">
  <testcase name="bookRoom" time="42.395" classname="Tests.Test_Kembledev"/>
</testsuite> <!-- Tests.Test_Kembledev -->
