<?xml version="1.0" encoding="UTF-8"?>
<!-- Generated by org.testng.reporters.JUnitReportReporter -->
<testsuite skipped="0" hostname="IP-AC1FA9F2" name="Tests.Test_Login" tests="5" failures="0" timestamp="10 Feb 2018 20:50:47 GMT" time="127.191" errors="0">
  <testcase name="ClickLoginButtonWhenPasswordFieldEmpty" time="32.113" classname="Tests.Test_Login"/>
  <testcase name="clickLoginWithAllEmptyFields" time="17.529" classname="Tests.Test_Login"/>
  <testcase name="ClickLoginButtonWhenClientFieldEmpty" time="35.310" classname="Tests.Test_Login"/>
  <testcase name="ShouldnotExecuteJSInAllFields" time="17.084" classname="Tests.Test_Login"/>
  <testcase name="ClickLoginButtonWhenUserFieldEmpty" time="25.155" classname="Tests.Test_Login"/>
</testsuite> <!-- Tests.Test_Login -->
