<?xml version="1.0" encoding="UTF-8"?>
<!-- Generated by org.testng.reporters.JUnitReportReporter -->
<testsuite skipped="0" hostname="IP-AC1FA9F2" name="Tests.Tests" tests="1" failures="0" timestamp="10 Feb 2018 00:54:39 GMT" time="143.877" errors="0">
  <testcase name="cteateUnitOverAccount" time="143.877" classname="Tests.Tests"/>
</testsuite> <!-- Tests.Tests -->
